<?xml version="1.0" encoding="UTF-8"?>
<testng-results ignored="0" total="1" passed="1" failed="0" skipped="0">
  <reporter-output>
  </reporter-output>
  <suite started-at="2023-04-04T12:39:44 IST" name="Locobuzz 3.0" finished-at="2023-04-04T12:46:20 IST" duration-ms="396326">
    <groups>
    </groups>
    <test started-at="2023-04-04T12:39:44 IST" name="Locobuzz AWA  Download PPT For Brand Activity  Workflow" finished-at="2023-04-04T12:46:20 IST" duration-ms="396326">
      <class name="com.test.java.classes.LocobuzzAWABrandActivityPPTDownloadFunctionality">
        <test-method is-config="true" signature="loadingURL(org.testng.ITestContext)[pri:0, instance:com.test.java.classes.LocobuzzAWABrandActivityPPTDownloadFunctionality@21282ed8]" started-at="2023-04-04T12:39:44 IST" name="loadingURL" finished-at="2023-04-04T12:39:52 IST" duration-ms="8488" status="PASS">
          <params>
            <param index="0">
              <value>
                <![CDATA[org.testng.TestRunner@2785db06]]>
              </value>
            </param>
          </params>
          <reporter-output>
          </reporter-output>
        </test-method> <!-- loadingURL -->
        <test-method signature="AWA(java.lang.String)[pri:0, instance:com.test.java.classes.LocobuzzAWABrandActivityPPTDownloadFunctionality@21282ed8]" started-at="2023-04-04T12:39:52 IST" name="AWA" finished-at="2023-04-04T12:46:19 IST" duration-ms="387347" status="PASS">
          <params>
            <param index="0">
              <value>
                <![CDATA[Supervisor]]>
              </value>
            </param>
          </params>
          <reporter-output>
          </reporter-output>
        </test-method> <!-- AWA -->
        <test-method is-config="true" signature="tearDown()[pri:0, instance:com.test.java.classes.LocobuzzAWABrandActivityPPTDownloadFunctionality@21282ed8]" started-at="2023-04-04T12:46:19 IST" name="tearDown" finished-at="2023-04-04T12:46:20 IST" duration-ms="449" status="PASS">
          <reporter-output>
          </reporter-output>
        </test-method> <!-- tearDown -->
      </class> <!-- com.test.java.classes.LocobuzzAWABrandActivityPPTDownloadFunctionality -->
    </test> <!-- Locobuzz AWA  Download PPT For Brand Activity  Workflow -->
  </suite> <!-- Locobuzz 3.0 -->
</testng-results>
