<?xml version="1.0" encoding="UTF-8"?>
<!-- Generated by org.testng.reporters.JUnitXMLReporter -->
<testsuite ignored="0" hostname="DESKTOP-V20L4KL" failures="0" tests="1" name="Canned Response Ticket Flow Functionality Twitter" time="163.159" errors="0" timestamp="2022-07-14T12:27:55 IST">
  <testcase classname="com.test.java.classes.TwitterCannedResponseTicketWorkFlowFunctionality" name="ticketsFunctionality" time="150.129"/>
</testsuite> <!-- Canned Response Ticket Flow Functionality Twitter -->
