<?xml version="1.0" encoding="UTF-8"?>
<!-- Generated by org.testng.reporters.JUnitXMLReporter -->
<testsuite ignored="0" hostname="DESKTOP-V20L4KL" failures="0" tests="1" name="Excel Report Upper Category Report Template Functionality" time="322.251" errors="0" timestamp="2022-10-17T15:03:41 IST">
  <testcase classname="com.test.java.classes.ExcelReportUpperCategoryReportFunctionality" name="ExcelReport" time="299.02"/>
</testsuite> <!-- Excel Report Upper Category Report Template Functionality -->
