<?xml version="1.0" encoding="UTF-8"?>
<!-- Generated by org.testng.reporters.JUnitXMLReporter -->
<testsuite ignored="0" hostname="DESKTOP-V20L4KL" failures="0" tests="1" name="Excel Report Mention Ticket Workflow Report V2 Template Functionality" time="178.624" errors="0" timestamp="2022-12-05T16:36:24 IST">
  <testcase classname="com.test.java.classes.ExcelReportMentionTicketWorkflowReportV2Functionality" name="ExcelReport" time="172.326"/>
</testsuite> <!-- Excel Report Mention Ticket Workflow Report V2 Template Functionality -->
