<?xml version="1.0" encoding="UTF-8"?>
<!-- Generated by org.testng.reporters.JUnitXMLReporter -->
<testsuite ignored="0" hostname="DESKTOP-V20L4KL" failures="0" tests="1" name="Excel Report GMB Location Data Report Template Functionality" time="139.917" errors="0" timestamp="2022-10-17T16:17:17 IST">
  <testcase classname="com.test.java.classes.ExcelReportGMBLocationDataReportFunctionality" name="ExcelReport" time="121.346"/>
</testsuite> <!-- Excel Report GMB Location Data Report Template Functionality -->
