<?xml version="1.0" encoding="UTF-8"?>
<!-- Generated by org.testng.reporters.JUnitXMLReporter -->
<testsuite ignored="0" hostname="DESKTOP-V20L4KL" failures="0" tests="1" name="Excel Report Post Performance Report Template Functionality" time="426.839" errors="0" timestamp="2022-10-14T11:14:59 IST">
  <testcase classname="com.test.java.classes.ExcelReportPostPerformanceReportFunctionality" name="ExcelReport" time="408.709"/>
</testsuite> <!-- Excel Report Post Performance Report Template Functionality -->
