<?xml version="1.0" encoding="UTF-8"?>
<!-- Generated by org.testng.reporters.JUnitXMLReporter -->
<testsuite ignored="0" hostname="DESKTOP-V20L4KL" failures="0" tests="1" name="Excel Report Mention Mentions Template Functionality" time="184.179" errors="0" timestamp="2022-12-05T12:54:49 IST">
  <testcase classname="com.test.java.classes.ExcelReportMentionMentionsTemplateFunctionality" name="ExcelReport" time="160.835"/>
</testsuite> <!-- Excel Report Mention Mentions Template Functionality -->
