<?xml version="1.0" encoding="UTF-8"?>
<!-- Generated by org.testng.reporters.JUnitXMLReporter -->
<testsuite ignored="0" hostname="DESKTOP-V20L4KL" failures="0" tests="1" name="Excel Report Ticket Custom Template Scheduled Workflow Functionality" time="165.483" errors="0" timestamp="2022-11-29T12:35:12 IST">
  <testcase classname="com.test.java.classes.ExcelReportTicketCustomTemplateScheduleFunctionality" name="ExcelReport" time="148.47"/>
</testsuite> <!-- Excel Report Ticket Custom Template Scheduled Workflow Functionality -->
