<?xml version="1.0" encoding="UTF-8"?>
<!-- Generated by org.testng.reporters.JUnitXMLReporter -->
<testsuite ignored="0" hostname="DESKTOP-V20L4KL" failures="0" tests="1" name="Excel Report CSD Pending Ticket Analysis Report Template Functionality" time="432.855" errors="0" timestamp="2022-10-14T17:40:26 IST">
  <testcase classname="com.test.java.classes.ExcelReportCSDPendingTicketAnalysisFunctionality" name="ExcelReport" time="411.878"/>
</testsuite> <!-- Excel Report CSD Pending Ticket Analysis Report Template Functionality -->
