<?xml version="1.0" encoding="UTF-8"?>
<!-- Generated by org.testng.reporters.JUnitXMLReporter -->
<testsuite ignored="0" hostname="DESKTOP-V20L4KL" failures="0" tests="1" name="Excel Report Post Scheduling Report Template Functionality" time="178.56" errors="0" timestamp="2022-10-14T16:18:38 IST">
  <testcase classname="com.test.java.classes.ExcelReportPostSchedulingReportFunctionality" name="ExcelReport" time="144.638"/>
</testsuite> <!-- Excel Report Post Scheduling Report Template Functionality -->
