<?xml version="1.0" encoding="UTF-8"?>
<!-- Generated by org.testng.reporters.JUnitXMLReporter -->
<testsuite ignored="0" hostname="DESKTOP-V20L4KL" failures="0" tests="1" name="Excel Report Mention Ticket Workflow Report Template Functionality" time="189.044" errors="0" timestamp="2022-11-03T12:04:25 IST">
  <testcase classname="com.test.java.classes.ExcelReportMentionTicketWorkflowReportFunctionality" name="ExcelReport" time="174.9"/>
</testsuite> <!-- Excel Report Mention Ticket Workflow Report Template Functionality -->
