<?xml version="1.0" encoding="UTF-8"?>
<!-- Generated by org.testng.reporters.JUnitXMLReporter -->
<testsuite ignored="0" hostname="DESKTOP-V20L4KL" failures="0" tests="1" name="Excel Report Ticket Custom Template Workflow Functionality" time="296.356" errors="0" timestamp="2022-11-01T12:06:08 IST">
  <testcase classname="com.test.java.classes.ExcelReportTicketCustomTemplateFunctionality" name="ExcelReport" time="277.758"/>
</testsuite> <!-- Excel Report Ticket Custom Template Workflow Functionality -->
