<?xml version="1.0" encoding="UTF-8"?>
<!-- Generated by org.testng.reporters.JUnitXMLReporter -->
<testsuite ignored="0" hostname="DESKTOP-V20L4KL" failures="0" tests="1" name="Locobuzz Messaging Window Settings Layout2 Workflow" time="132.117" errors="0" timestamp="2023-01-06T10:57:53 IST">
  <testcase classname="com.test.java.classes.LocobuzzMessagingWindowSettingsLayout2WorkflowFunctionality" name="MessagingWindowSettingsLayout2Flow" time="104.966"/>
</testsuite> <!-- Locobuzz Messaging Window Settings Layout2 Workflow -->
