<?xml version="1.0" encoding="UTF-8"?>
<!-- Generated by org.testng.reporters.JUnitXMLReporter -->
<testsuite ignored="0" hostname="DESKTOP-V20L4KL" failures="0" tests="1" name="Locobuzz Advance Ticket Settings Workflow Functionality" time="116.526" errors="0" timestamp="2022-08-09T17:16:21 IST">
  <testcase classname="com.test.java.classes.LocobuzzAdvanceTicketSettingWorkflowFunctionality" name="AdvanceTicketSettings" time="103.563"/>
</testsuite> <!-- Locobuzz Advance Ticket Settings Workflow Functionality -->
