<?xml version="1.0" encoding="UTF-8"?>
<!-- Generated by org.testng.reporters.JUnitXMLReporter -->
<testsuite ignored="0" hostname="DESKTOP-V20L4KL" failures="0" tests="1" name="Locobuzz AWA  Download PPT For Charts With KPI  Workflow" time="278.898" errors="0" timestamp="2023-02-17T11:23:20 IST">
  <testcase classname="com.test.java.classes.LocobuzzAWAChartsWithKPIPPTDownloadFunctionality" name="AWA" time="271.551"/>
</testsuite> <!-- Locobuzz AWA  Download PPT For Charts With KPI  Workflow -->
