<?xml version="1.0" encoding="UTF-8"?>
<!-- Generated by org.testng.reporters.JUnitXMLReporter -->
<testsuite ignored="0" hostname="DESKTOP-V20L4KL" failures="0" tests="1" name="Locobuzz Social Scheduling  Facebook Failed and Partially Published Workflow " time="182.598" errors="0" timestamp="2022-09-16T17:18:44 IST">
  <testcase classname="com.test.java.classes.LocobuzzSocialSchedulingFacebookFailedCaseWorkflowFunctionality" name="SocialScheduling" time="168.28"/>
</testsuite> <!-- Locobuzz Social Scheduling  Facebook Failed and Partially Published Workflow  -->
