<?xml version="1.0" encoding="UTF-8"?>
<!-- Generated by org.testng.reporters.JUnitXMLReporter -->
<testsuite ignored="0" hostname="DESKTOP-V20L4KL" failures="0" tests="1" name="Locobuzz Social Scheduling  GMB Publish later Workflow " time="221.385" errors="0" timestamp="2023-01-03T10:55:10 IST">
  <testcase classname="com.test.java.classes.LocobuzzSocialSchedulingGMBPublishedLaterWorkflowFunctionality" name="SocialScheduling" time="196.706"/>
</testsuite> <!-- Locobuzz Social Scheduling  GMB Publish later Workflow  -->
