<?xml version="1.0" encoding="UTF-8"?>
<!-- Generated by org.testng.reporters.JUnitXMLReporter -->
<testsuite ignored="0" hostname="DESKTOP-V20L4KL" failures="0" tests="1" name="Locobuzz Publish Personalization Workflow Functionality" time="129.477" errors="0" timestamp="2023-01-04T11:55:43 IST">
  <testcase classname="com.test.java.classes.LocobuzzPublishPersonalizationWorkflowFunctionality" name="PublishPersonalization" time="123.521"/>
</testsuite> <!-- Locobuzz Publish Personalization Workflow Functionality -->
