<?xml version="1.0" encoding="UTF-8"?>
<!-- Generated by org.testng.reporters.JUnitXMLReporter -->
<testsuite ignored="0" hostname="DESKTOP-V20L4KL" failures="0" tests="1" name="Locobuzz Keyword Configuration NewsBlogs Basic Workflow" time="105.745" errors="0" timestamp="2022-07-25T10:56:20 IST">
  <testcase classname="com.test.java.classes.LocobuzzKeywordConfigRealTimeNewBlogsWorkflowFunctionality" name="KeywordConfiguration" time="95.344"/>
</testsuite> <!-- Locobuzz Keyword Configuration NewsBlogs Basic Workflow -->
