<?xml version="1.0" encoding="UTF-8"?>
<!-- Generated by org.testng.reporters.JUnitXMLReporter -->
<testsuite ignored="0" hostname="DESKTOP-V20L4KL" failures="0" tests="1" name="Locobuzz Data Consumption Alert Workflow Functionality" time="105.715" errors="0" timestamp="2023-01-03T15:55:17 IST">
  <testcase classname="com.test.java.classes.LocobuzzDataConsumptionAlertWorkflowFunctionality" name="DataConsumptionAlert" time="99.735"/>
</testsuite> <!-- Locobuzz Data Consumption Alert Workflow Functionality -->
