<?xml version="1.0" encoding="UTF-8"?>
<!-- Generated by org.testng.reporters.JUnitXMLReporter -->
<testsuite ignored="0" hostname="DESKTOP-V20L4KL" failures="0" tests="1" name="Locobuzz Keyword Configuration Twitter Advance Workflow" time="147.881" errors="0" timestamp="2022-07-20T18:44:58 IST">
  <testcase classname="com.test.java.classes.LocobuzzKeywordConfigRealTimeTwitterAdvanceWorkflowFunctionality" name="KeywordConfiguration" time="135.692"/>
</testsuite> <!-- Locobuzz Keyword Configuration Twitter Advance Workflow -->
