<?xml version="1.0" encoding="UTF-8"?>
<!-- Generated by org.testng.reporters.JUnitXMLReporter -->
<testsuite ignored="0" hostname="DESKTOP-V20L4KL" failures="0" tests="1" name="Locobuzz Keyword Configuration Youtube Advance Workflow" time="118.265" errors="0" timestamp="2022-07-22T16:12:45 IST">
  <testcase classname="com.test.java.classes.LocobuzzKeywordConfigRealTimeYoutubeAdvanceWorkflowFunctionality" name="KeywordConfiguration" time="103.454"/>
</testsuite> <!-- Locobuzz Keyword Configuration Youtube Advance Workflow -->
