<?xml version="1.0" encoding="UTF-8"?>
<!-- Generated by org.testng.reporters.JUnitXMLReporter -->
<testsuite ignored="0" hostname="DESKTOP-V20L4KL" failures="0" tests="1" name="Locobuzz Social Scheduling  Instagram Failed and Partially Published Workflow " time="344.759" errors="0" timestamp="2022-11-10T11:34:45 IST">
  <testcase classname="com.test.java.classes.LocobuzzSocialSchedulingInstagramFailedCaseWorkflowFunctionality" name="SocialScheduling" time="329.433"/>
</testsuite> <!-- Locobuzz Social Scheduling  Instagram Failed and Partially Published Workflow  -->
