<?xml version="1.0" encoding="UTF-8"?>
<!-- Generated by org.testng.reporters.JUnitXMLReporter -->
<testsuite ignored="0" hostname="DESKTOP-V20L4KL" failures="0" tests="1" name="Locobuzz Social Scheduling  Instagram Publish later Workflow " time="210.934" errors="0" timestamp="2023-01-03T16:05:59 IST">
  <testcase classname="com.test.java.classes.LocobuzzSocialSchedulingInstagramPublishedLaterWorkflowFunctionality" name="SocialScheduling" time="204.77"/>
</testsuite> <!-- Locobuzz Social Scheduling  Instagram Publish later Workflow  -->
