<?xml version="1.0" encoding="UTF-8"?>
<!-- Generated by org.testng.reporters.JUnitXMLReporter -->
<testsuite ignored="0" hostname="DESKTOP-V20L4KL" failures="0" tests="1" name="Locobuzz Data Consumption Dashboard Workflow" time="325.133" errors="0" timestamp="2022-09-12T16:51:34 IST">
  <testcase classname="com.test.java.classes.LocobuzzDataConsumptionDashboardWorkflowFunctionality" name="DataConsumptionDashboard" time="301.034"/>
</testsuite> <!-- Locobuzz Data Consumption Dashboard Workflow -->
