<?xml version="1.0" encoding="UTF-8"?>
<!-- Generated by org.testng.reporters.JUnitXMLReporter -->
<testsuite ignored="0" hostname="DESKTOP-V20L4KL" failures="0" tests="1" name="Locobuzz Social Scheduling  Instagram draft,published,delete Workflow " time="473.216" errors="0" timestamp="2022-11-09T17:47:08 IST">
  <testcase classname="com.test.java.classes.LocobuzzSocialSchedulingInstagramDraftWorkflowFunctionality" name="SocialScheduling" time="459.698"/>
</testsuite> <!-- Locobuzz Social Scheduling  Instagram draft,published,delete Workflow  -->
