<?xml version="1.0" encoding="UTF-8"?>
<!-- Generated by org.testng.reporters.JUnitXMLReporter -->
<testsuite ignored="0" hostname="DESKTOP-V20L4KL" failures="1" tests="1" name="Locobuzz Personal Details Settings Ticket Section Workflow" time="7.766" errors="0" timestamp="2022-12-23T15:09:09 IST">
  <testcase classname="com.test.java.classes.LocoPersonalDetailsSetTicketFunctionality" name="PersonalDetailsSettingsTicketFunction" time="0.0">
    <failure type="org.testng.TestNGException" message="
Parameter &amp;apos;channel&amp;apos; is required by @Test on method PersonalDetailsSettingsTicketFunction but has not been marked @Optional or defined
in C:\Locobuzz3.0_Automation\locobuzz-3-selenium\Locobuzz\testng2.xml">
      <![CDATA[org.testng.TestNGException: 
Parameter 'channel' is required by @Test on method PersonalDetailsSettingsTicketFunction but has not been marked @Optional or defined
in C:\Locobuzz3.0_Automation\locobuzz-3-selenium\Locobuzz\testng2.xml
at java.base/java.util.ArrayList.forEach(ArrayList.java:1511)
... Removed 26 stack frames]]>
    </failure>
  </testcase> <!-- PersonalDetailsSettingsTicketFunction -->
</testsuite> <!-- Locobuzz Personal Details Settings Ticket Section Workflow -->
