<?xml version="1.0" encoding="UTF-8"?>
<!-- Generated by org.testng.reporters.JUnitXMLReporter -->
<testsuite ignored="0" hostname="DESKTOP-V20L4KL" failures="0" tests="1" name="Locobuzz Keyword Configuration Twitter Basic Workflow" time="124.115" errors="0" timestamp="2022-07-20T16:44:50 IST">
  <testcase classname="com.test.java.classes.LocobuzzKeywordConfigRealTimeTwitterWorkflowFunctionality" name="KeywordConfiguration" time="104.929"/>
</testsuite> <!-- Locobuzz Keyword Configuration Twitter Basic Workflow -->
