<?xml version="1.0" encoding="UTF-8"?>
<!-- Generated by org.testng.reporters.JUnitXMLReporter -->
<testsuite ignored="0" hostname="DESKTOP-V20L4KL" failures="0" tests="1" name="Locobuzz AWA  Download PPT For Google Play Store  Workflow" time="389.636" errors="0" timestamp="2023-03-31T13:13:00 IST">
  <testcase classname="com.test.java.classes.LocobuzzAWAGooglePlayStorePPTDownlaodFunctionality" name="AWA" time="381.595"/>
</testsuite> <!-- Locobuzz AWA  Download PPT For Google Play Store  Workflow -->
