<?xml version="1.0" encoding="UTF-8"?>
<!-- Generated by org.testng.reporters.JUnitXMLReporter -->
<testsuite ignored="0" hostname="DESKTOP-V20L4KL" failures="0" tests="1" name="Locobuzz AWA  Download PPT For Content Performance  Workflow" time="329.109" errors="0" timestamp="2023-02-16T14:59:06 IST">
  <testcase classname="com.test.java.classes.LocobuzzAWAContentPerformancePPTDownloadFunctionality" name="AWA" time="321.567"/>
</testsuite> <!-- Locobuzz AWA  Download PPT For Content Performance  Workflow -->
