<?xml version="1.0" encoding="UTF-8"?>
<!-- Generated by org.testng.reporters.JUnitXMLReporter -->
<testsuite ignored="0" hostname="DESKTOP-V20L4KL" failures="0" tests="1" name="Locobuzz Data Consumption Dashboard UI Components" time="176.955" errors="0" timestamp="2022-09-12T12:07:47 IST">
  <testcase classname="com.test.java.classes.LocobuzzDataConsumptionDashboardUIComponentsFunctionality" name="DataConsumptionDashboard" time="158.367"/>
</testsuite> <!-- Locobuzz Data Consumption Dashboard UI Components -->
