<?xml version="1.0" encoding="UTF-8"?>
<!-- Generated by org.testng.reporters.JUnitXMLReporter -->
<testsuite ignored="0" hostname="DESKTOP-V20L4KL" failures="0" tests="1" name="Locobuzz Priority Configuration UI Components" time="68.975" errors="0" timestamp="2022-12-20T13:19:30 IST">
  <testcase classname="com.test.java.classes.LocobuzzPriorityConfigurationUIComponentsFunctionality" name="PriorityConfiguration" time="62.91"/>
</testsuite> <!-- Locobuzz Priority Configuration UI Components -->
