<?xml version="1.0" encoding="UTF-8"?>
<!-- Generated by org.testng.reporters.JUnitXMLReporter -->
<testsuite ignored="0" hostname="DESKTOP-V20L4KL" failures="0" tests="1" name="Locobuzz Keyword Configuration TeamBHP Basic Workflow" time="122.729" errors="0" timestamp="2022-07-21T16:31:04 IST">
  <testcase classname="com.test.java.classes.LocobuzzKeywordConfigRealTimeTeamBHPWorkflowFunctionality" name="KeywordConfiguration" time="106.443"/>
</testsuite> <!-- Locobuzz Keyword Configuration TeamBHP Basic Workflow -->
