<?xml version="1.0" encoding="UTF-8"?>
<!-- Generated by org.testng.reporters.JUnitXMLReporter -->
<testsuite ignored="0" hostname="DESKTOP-V20L4KL" failures="0" tests="1" name="Locobuzz Messaging Window Settings UI Components" time="70.756" errors="0" timestamp="2023-01-06T10:10:42 IST">
  <testcase classname="com.test.java.classes.LocobuzzMessagingWindowSettingsUIComponentsFunctionality" name="MessagingWindowSettings" time="54.657"/>
</testsuite> <!-- Locobuzz Messaging Window Settings UI Components -->
