<?xml version="1.0" encoding="UTF-8"?>
<!-- Generated by org.testng.reporters.JUnitXMLReporter -->
<testsuite ignored="0" hostname="DESKTOP-V20L4KL" failures="0" tests="1" name="Locobuzz Keyword Configuration Facebook Basic Workflow" time="106.752" errors="0" timestamp="2022-07-21T11:37:41 IST">
  <testcase classname="com.test.java.classes.LocobuzzKeywordConfigRealTimeFacebookWorkflowFunctionality" name="KeywordConfiguration" time="90.47"/>
</testsuite> <!-- Locobuzz Keyword Configuration Facebook Basic Workflow -->
