<?xml version="1.0" encoding="UTF-8"?>
<!-- Generated by org.testng.reporters.JUnitXMLReporter -->
<testsuite ignored="0" hostname="DESKTOP-V20L4KL" failures="0" tests="1" name="Locobuzz Keyword Configuration Complaint Website Advance Workflow" time="145.01" errors="0" timestamp="2022-07-25T15:52:55 IST">
  <testcase classname="com.test.java.classes.LocobuzzKeywordConfigRealTimeComplaintWebsiteAdvanceWorkflowFunctionality" name="KeywordConfiguration" time="125.186"/>
</testsuite> <!-- Locobuzz Keyword Configuration Complaint Website Advance Workflow -->
