<?xml version="1.0" encoding="UTF-8"?>
<!-- Generated by org.testng.reporters.JUnitXMLReporter -->
<testsuite ignored="0" hostname="DESKTOP-V20L4KL" failures="0" tests="1" name="Locobuzz Social Scheduling  GMB Approval Workflow " time="296.432" errors="0" timestamp="2023-01-03T11:08:10 IST">
  <testcase classname="com.test.java.classes.LocobuzzSocialSchedulingGMBApprovalWorkflowFunctionality" name="SocialScheduling" time="288.336"/>
</testsuite> <!-- Locobuzz Social Scheduling  GMB Approval Workflow  -->
