<?xml version="1.0" encoding="UTF-8"?>
<!-- Generated by org.testng.reporters.JUnitXMLReporter -->
<testsuite ignored="0" hostname="DESKTOP-V20L4KL" failures="0" tests="1" name="Locobuzz AWA  Public Link Sharing With Password  Workflow" time="165.965" errors="0" timestamp="2023-02-09T10:04:35 IST">
  <testcase classname="com.test.java.classes.LocobuzzAWAPublicSharingWithPasswordFunctionality" name="AWA" time="157.038"/>
</testsuite> <!-- Locobuzz AWA  Public Link Sharing With Password  Workflow -->
