<?xml version="1.0" encoding="UTF-8"?>
<!-- Generated by org.testng.reporters.JUnitXMLReporter -->
<testsuite ignored="0" hostname="DESKTOP-V20L4KL" failures="0" tests="1" name="Locobuzz Social Scheduling  Facebook Publish later Workflow " time="235.867" errors="0" timestamp="2023-01-02T15:17:25 IST">
  <testcase classname="com.test.java.classes.LocobuzzSocialSchedulingFacebookPublishLaterWorkflowFunctionality" name="SocialScheduling" time="210.624"/>
</testsuite> <!-- Locobuzz Social Scheduling  Facebook Publish later Workflow  -->
