<?xml version="1.0" encoding="UTF-8"?>
<!-- Generated by org.testng.reporters.JUnitXMLReporter -->
<testsuite ignored="0" hostname="DESKTOP-V20L4KL" failures="0" tests="1" name="Locobuzz Keyword Configuration Instagram Basic Workflow" time="109.749" errors="0" timestamp="2022-07-21T15:12:52 IST">
  <testcase classname="com.test.java.classes.LocobuzzKeywordConfigRealTimeInstagramWorkflowFunctionality" name="KeywordConfiguration" time="87.624"/>
</testsuite> <!-- Locobuzz Keyword Configuration Instagram Basic Workflow -->
