<?xml version="1.0" encoding="UTF-8"?>
<!-- Generated by org.testng.reporters.JUnitXMLReporter -->
<testsuite ignored="0" hostname="DESKTOP-V20L4KL" failures="0" tests="1" name="Locobuzz Manage User Workflow for TeamLeader Functionality" time="237.103" errors="0" timestamp="2022-07-29T13:46:48 IST">
  <testcase classname="com.test.java.classes.LocobuzzManageUserWorkflowForTeamLeaderFunctionality" name="ManageUser" time="221.002"/>
</testsuite> <!-- Locobuzz Manage User Workflow for TeamLeader Functionality -->
