<?xml version="1.0" encoding="UTF-8"?>
<!-- Generated by org.testng.reporters.JUnitXMLReporter -->
<testsuite ignored="0" hostname="DESKTOP-V20L4KL" failures="0" tests="1" name="Locobuzz AWA  Download PPT For campaign analytics  Workflow" time="376.96" errors="0" timestamp="2023-03-30T11:53:11 IST">
  <testcase classname="com.test.java.classes.LocobuzzAWACampaignAnalyticsPPTDownloadFunctionality" name="AWA" time="369.745"/>
</testsuite> <!-- Locobuzz AWA  Download PPT For campaign analytics  Workflow -->
