<?xml version="1.0" encoding="UTF-8"?>
<!-- Generated by org.testng.reporters.JUnitXMLReporter -->
<testsuite ignored="0" hostname="DESKTOP-V20L4KL" failures="0" tests="1" name="Locobuzz Social Scheduling  GMB draft,published,delete Workflow " time="330.346" errors="0" timestamp="2023-01-03T10:40:56 IST">
  <testcase classname="com.test.java.classes.LocobuzzSocialSchedulingGMBDraftWorkflowFunctionality" name="SocialScheduling" time="321.7"/>
</testsuite> <!-- Locobuzz Social Scheduling  GMB draft,published,delete Workflow  -->
