<?xml version="1.0" encoding="UTF-8"?>
<!-- Generated by org.testng.reporters.JUnitXMLReporter -->
<testsuite ignored="0" hostname="DESKTOP-V20L4KL" failures="0" tests="1" name="Locobuzz Keyword Configuration Youtube Basic Workflow" time="110.045" errors="0" timestamp="2022-07-22T10:35:33 IST">
  <testcase classname="com.test.java.classes.LocobuzzKeywordConfigRealTimeYoutubeWorkflowFunctionality" name="KeywordConfiguration" time="97.281"/>
</testsuite> <!-- Locobuzz Keyword Configuration Youtube Basic Workflow -->
