<?xml version="1.0" encoding="UTF-8"?>
<!-- Generated by org.testng.reporters.JUnitXMLReporter -->
<testsuite ignored="0" hostname="DESKTOP-V20L4KL" failures="0" tests="1" name="Locobuzz AWA Creation Of Dashboard Select From Awa  Workflow" time="93.861" errors="0" timestamp="2023-01-24T14:54:57 IST">
  <testcase classname="com.test.java.classes.LocobuzzAWACreationOfDashboardSelectFromAwaFunctionality" name="AWA" time="88.184"/>
</testsuite> <!-- Locobuzz AWA Creation Of Dashboard Select From Awa  Workflow -->
