<?xml version="1.0" encoding="UTF-8"?>
<!-- Generated by org.testng.reporters.JUnitXMLReporter -->
<testsuite ignored="0" hostname="DESKTOP-V20L4KL" failures="0" tests="1" name="Locobuzz Publish Personalization UI Components" time="67.556" errors="0" timestamp="2023-01-04T11:50:49 IST">
  <testcase classname="com.test.java.classes.LocobuzzPublishPersonalizationUIComponentsFunctionality" name="PublishPersonalization" time="61.134"/>
</testsuite> <!-- Locobuzz Publish Personalization UI Components -->
