<?xml version="1.0" encoding="UTF-8"?>
<!-- Generated by org.testng.reporters.JUnitXMLReporter -->
<testsuite ignored="0" hostname="DESKTOP-V20L4KL" failures="0" tests="1" name="Ticket Profile and Timeline UI Functionality Twitter" time="141.521" errors="0" timestamp="2022-12-14T16:30:10 IST">
  <testcase classname="com.test.java.classes.TwitterTicketProfileTimeLineUIFunctionality" name="ticketFunctionality" time="135.753"/>
</testsuite> <!-- Ticket Profile and Timeline UI Functionality Twitter -->
