<?xml version="1.0" encoding="UTF-8"?>
<!-- Generated by org.testng.reporters.JUnitXMLReporter -->
<testsuite ignored="0" hostname="DESKTOP-V20L4KL" failures="1" tests="1" name="Ticket SendDm and tag users Functionality Twitter" time="128.161" errors="0" timestamp="2022-12-15T12:37:45 IST">
  <testcase classname="com.test.java.classes.TwitterTicketSendDMWorkflowFunctionality" name="ticketFunctionality" time="121.921">
    <failure type="java.lang.IndexOutOfBoundsException" message="Index: 21, Size: 12">
      <![CDATA[java.lang.IndexOutOfBoundsException: Index: 21, Size: 12
at java.base/java.util.ArrayList.rangeCheckForAdd(ArrayList.java:756)
at java.base/java.util.ArrayList.add(ArrayList.java:481)
at com.test.java.utilities.TwitterTicketSendDMWorkflow.verifyClosedTicket(TwitterTicketSendDMWorkflow.java:487)
at com.test.java.utilities.TwitterTicketSendDMWorkflow.replyWorkFlow(TwitterTicketSendDMWorkflow.java:436)
at com.test.java.utilities.TwitterTicketSendDMWorkflow.checkReplyType(TwitterTicketSendDMWorkflow.java:368)
at com.test.java.utilities.TwitterTicketSendDMWorkflow.openDetailsButton(TwitterTicketSendDMWorkflow.java:315)
at com.test.java.classes.TwitterTicketSendDMWorkflowFunctionality.ticketFunctionality(TwitterTicketSendDMWorkflowFunctionality.java:42)
at java.base/java.util.ArrayList.forEach(ArrayList.java:1511)
... Removed 27 stack frames]]>
    </failure>
  </testcase> <!-- ticketFunctionality -->
</testsuite> <!-- Ticket SendDm and tag users Functionality Twitter -->
