<?xml version="1.0" encoding="UTF-8"?>
<!-- Generated by org.testng.reporters.JUnitXMLReporter -->
<testsuite ignored="0" hostname="DESKTOP-V20L4KL" failures="0" tests="1" name="Ticket SendDm Link and Group Functionality Twitter" time="164.807" errors="0" timestamp="2022-12-15T15:01:02 IST">
  <testcase classname="com.test.java.classes.TwitterTicketSendDMLinkAndGroupWorkflowFunctionality" name="ticketFunctionality" time="158.212"/>
</testsuite> <!-- Ticket SendDm Link and Group Functionality Twitter -->
